CurveRegistryCache deployed to: 0x2E68bE71687469280319BCf9E635a8783Db5d238
ChainlinkOracle deployed to: 0xd30Bd418e7432F99E6Bc9CA3eeEA31d52E1a699F
GenericOracle deployed to: 0x4142bB1ceeC0Dec4F7aaEB3D51D2Dc8E6Ee18410
CurveLPOracle deployed to: 0x4DA60AF547c24eBFD5ECC8325E7F24BDb69F1a48
GenericOracle initialized with: 0x4DA60AF547c24eBFD5ECC8325E7F24BDb69F1a48 0xd30Bd418e7432F99E6Bc9CA3eeEA31d52E1a699F

CurveRegistryCache attached to: 0x2E68bE71687469280319BCf9E635a8783Db5d238
CurveRegistryCache initialized with: 0x390f3595bca2df7d23783dfd126427cceb997bf4
CurveRegistryCache initialized with: 0x4dece678ceceb27446b35c672dc7d61f30bad69e

Deploy StableConverter:
StableConverter: 0x0236B7A3996d8c3597173aA95fD2a915c7A8A42E

Deploy zunUSD omnipool:
ZunamiPoolZunUSD: 0x8C0D76C9B18779665475F3E212D9Ca1Ed6A1A0e6
Deploy zunUSD pool controller:
ZunamiPoolControllerZunUSD: 0x618eee502CDF6b46A2199C21D1411f3F6065c940
ZunamiPoolController granted CONTROLLER_ROLE: true
ZunUSDVaultStrat strategy deployed to: 0x7Aa84C31BE1793f2dAb8Dbe36fAa9478aF8851a0
Added ZunUSDVaultStrat pool to ZunamiPool
Set zunami pool address 0x8C0D76C9B18779665475F3E212D9Ca1Ed6A1A0e6 in ZunUSDVaultStrat strategy

Deploy zunUSD APS omnipool:
ZunamiPoolApsZunUSD: 0x28e487bbF6b64867C29e61DccbCD17aB64082889
Deploy zunUSD APS pool controller:
ZunamiPoolControllerApsZunUSD: 0xd9F559280c9d308549e84946C0d668a817fcCFB5
ZunamiPoolController granted CONTROLLER_ROLE: true
ZunUSDApsVaultStrat strategy deployed to: 0xF859C621D7fF69DF1E283385DBdE04135EEA0276
Added ZunUSDApsVaultStrat pool to ZunamiPool
Set zunami pool address 0x28e487bbF6b64867C29e61DccbCD17aB64082889 in ZunUSDApsVaultStrat strategy

ZunamiDepositZapFactory deployed to: 0x7aecF73B61a8579F7cf2Fe9b2a2d97339e9168Bf with args: 0x618eee502CDF6b46A2199C21D1411f3F6065c940 0xd9F559280c9d308549e84946C0d668a817fcCFB5
