Admin: 0xe9b2B067eE106A6E518fB0552F3296d22b82b32B
Network:  arbitrum   42161
Deploy Zun Omni Token:
Zunami Omni Token (ZUN): 0x346E74Dc9935a9b02Eb34fB84658a66010fA056D

Admin: 0xe9b2B067eE106A6E518fB0552F3296d22b82b32B
Network:  base   8453
Deploy Zun Omni Token:
Zunami Omni Token (ZUN): 0x1db0Fc8933f545648b54A9eE4326209a9A259643

Admin: 0xe9b2B067eE106A6E518fB0552F3296d22b82b32B
Network:  optimism   10
Deploy Zun Omni Token:
Zunami Omni Token (ZUN): 0x25193034153AfB4251a8E02a8Db0DeaeF4C876F6


Network:  arbitrum   42161
Zunami Omni Token (ZUN): 0x346E74Dc9935a9b02Eb34fB84658a66010fA056D
MINTER_ROLE granted to: 0xE48F89A1daefFFBb79fA2CBB9CC936CB55Ea3D5F
BURNER_ROLE granted to: 0xE48F89A1daefFFBb79fA2CBB9CC936CB55Ea3D5F

Network:  base   8453
Zunami Omni Token (ZUN): 0x1db0Fc8933f545648b54A9eE4326209a9A259643
MINTER_ROLE granted to: 0xC3c6C182d85676f5d81D6865c2cd3b62bc5D1ccA
BURNER_ROLE granted to: 0xC3c6C182d85676f5d81D6865c2cd3b62bc5D1ccA

Network:  optimism   10
Zunami Omni Token (ZUN): 0x25193034153AfB4251a8E02a8Db0DeaeF4C876F6
MINTER_ROLE granted to: 0x0E20E8900F67b7714DAdBD105e24c84CDE487d13
BURNER_ROLE granted to: 0x0E20E8900F67b7714DAdBD105e24c84CDE487d13
