Start deploy
Admin: 0xe9b2B067eE106A6E518fB0552F3296d22b82b32B
Deploying Vesting:
Recipients CSV path: ./scripts/prod/deploy/vesting/public/ambassadors.csv
Start timestamp: 1716984000
Duration seconds: 0
ZUN token address: 0x6b5204b0be36771253cc38e88012e02b752f0f36
Admin address: 0xe9b2B067eE106A6E518fB0552F3296d22b82b32B
Recipients: [
  '0xcdB0A5A8e2abb30329748Bca1DFd5542F17b4456',
  '0x3384DEfe76D8681e3316b945Ccf99dD853cB4e53',
  '0x373a1660005001A8f87d4003C61b8B41E167C06f',
  '0xd8f2d20Ec356402F7DDdA59B6E85DFD08733C43A',
  '0xc9aB5B2539A68465c584BC28A6B974061F04EBe1',
  '0x91bdBbb67bFaF6C81d4616C06a4669aF20074C6e',
  '0xf6999a3f33424c37F6a893cC9690038c3baC2009',
  '0x77C7A5ba71e5aE050790943345120D565004A79E',
  '0x55eeD70A18F0F13C54d062f41FBf40801C24020B',
  '0x7474D77953FEE78a95D72C83D0ed07D3d5dF2058',
  '0x362B742Fe2156612aE1a4e3BFAab605134F04072',
  '0x93c782c3436779D282bf755Bb051F69B6002D1Fa',
  '0xAa7e75F89906f4739D5cBaCEF81bD0C323D55AB7',
  '0xd6f9eaDcD7Daf11f247D44c456137083412C2875',
  '0xb074EA7c07F02CD3173477444e4C03b7BdF31856',
  '0x02b3a64394B01528BaF3791FA3D8e6e2B6cdE2b5',
  '0xfa52d2c0d4148c8a62bd2417f9062ca2ce2251ed',
  '0xe8847931e9dA76ed71CC5bE5fe484d26a22335D4',
  '0x0Fee2Bbe9ba0bF175D0279514144823B4d2541fc',
  '0xb812e77e2BE8ffD22aC23c5dF3811Aca22533EF1',
  '0xEfD8238b79aED83b5C1B1e6b8C2a6e7eE746a6d0',
  '0x8526846Af6c505Bd171aF9EB83d11163fa6c7689',
  '0xe7fE4D6aE6bD5aF4B7A912D3697c753D22929DE5',
  '0xa55A00E023682Cf2Fc008E0FDf1604536560A7ac',
  '0x1e0c51d8cC81951501245328efa671E0015a025a',
  '0xDBF38EEb1a68ae7d8980814ff80e782423a26996',
  '0x7C2cd4871463ecb8BD2215E974150C5C30A7fa0b',
  '0x25FCFd093084D9e38ad28D46caF9b87Ed00808ef',
  '0x16Bb20da9d1308F70F286fc0c42aAa79eC663442',
  '0x842e84c8D0Cb17aB838D82f82314CC0211cf721e',
  '0x09e0Ce5666643af5C91d9ABE7d1C1EaF4C06a933',
  '0x8eE61E2eFc55D910e9B7519c3f925792DCf23895',
  '0x29d60A12b00B1f7ebE1f67C82a832eC6D2727439',
  '0xAa7E3f64702f402B756756CAd8BE619db79D9FF0',
  '0x6063b1Eb32040d12E4A371638cf04468908fE1Af',
  '0x8cCf6c32EEd8462F3804e8ABd0D726b5F56A50Ed',
  '0xaC443228D2ceD4F15de936010c41A619dCFC2d58',
  '0x5B2fEa276E042722141dabECD4E1d6c7E0F7B97A',
  '0x1914fF49932f3fd65FA61aB267185c6b7c64d579',
  '0x28ADa465C4eC0032B420016DCB6815B26B5e4F2c',
  '0xF827bAcF873adB122568753F2948fa4b8966B25D',
  '0xA33eB545E6BF25fdFfB436cFa062e5ec17D7A667',
  '0xa054a0b1Df0c57b6E40eED4DeBF80D92E527885d',
  '0x08C4d9D5fAa48837cfDd73C63De137ce88154226',
  '0x7BE51131A63B8Af54975022FAddC1dB788D5a236',
  '0x79d7F64f4808b2eCD08e1Fb8374b69aA12568DF5',
  '0xB745A2BAc46D68bdECD023C867773627D48fE1A1',
  '0x6B35656fC116cFCE8f511358f5E72CF0BF4E7155',
  '0x7c0138BdA3B29Df0F106a939Ff8A3004955F0DD0',
  '0xE3dd637572f0E9c3D6CE9ced96B88B0831541b64'
]
Allocations: [
  '4000000000000000000000', '4000000000000000000000',
  '4000000000000000000000', '4000000000000000000000',
  '4000000000000000000000', '4000000000000000000000',
  '4000000000000000000000', '4000000000000000000000',
  '4000000000000000000000', '4000000000000000000000',
  '4000000000000000000000', '4000000000000000000000',
  '4000000000000000000000', '4000000000000000000000',
  '4000000000000000000000', '4000000000000000000000',
  '4000000000000000000000', '4000000000000000000000',
  '4000000000000000000000', '4000000000000000000000',
  '4000000000000000000000', '4000000000000000000000',
  '4000000000000000000000', '4000000000000000000000',
  '4000000000000000000000', '4000000000000000000000',
  '4000000000000000000000', '4000000000000000000000',
  '4000000000000000000000', '4000000000000000000000',
  '4000000000000000000000', '4000000000000000000000',
  '4000000000000000000000', '4000000000000000000000',
  '4000000000000000000000', '4000000000000000000000',
  '4000000000000000000000', '4000000000000000000000',
  '4000000000000000000000', '4000000000000000000000',
  '4000000000000000000000', '4000000000000000000000',
  '4000000000000000000000', '4000000000000000000000',
  '4000000000000000000000', '4000000000000000000000',
  '4000000000000000000000', '4000000000000000000000',
  '4000000000000000000000', '4000000000000000000000'
]
Vesting deployed to: 0x7ba745D6ee5c19d4284ee6dF5cE3c3Ccf147C283
Total Allocation:  200000000000000000000000

Deploying Vesting:
Recipients CSV path: ./scripts/prod/deploy/vesting/public/compensation_first.csv
Start timestamp: 1716984000
Duration seconds: 0
ZUN token address: 0x6b5204b0be36771253cc38e88012e02b752f0f36
Admin address: 0xe9b2B067eE106A6E518fB0552F3296d22b82b32B
Recipients: [
  '0xc288540f761179dfcf5e64514282463515839df4',
  '0x860a40904bdfdc6dff82b382872ae7aea3175529',
  '0x6c4ad64ec82c53486d2578d0f6b312353707efd4',
  '0x73ff8d1222e626927c20fda6b72804fe24b77e30',
  '0x7bc4d71ae5746465e13e4fc07c4b9475a6a5e050',
  '0xbba00146095ae9d5b8bb57cb4717620065d54709',
  '0x6a59800ef45cfb6ea49c78d0c269424fd747102c',
  '0x9f27a1a997076724a713c5a74213904ccc2fb7b4',
  '0x015b386c314c52efc4f051ed9fd544a65df33aaa',
  '0xa6dc407c39bd07f6d6c3780c2f5a53e690387f4a',
  '0x9fb2ce6ab1fa0a93d90d221114f3e9fea242e5cd',
  '0xcdfa6ce596caa0c6714b48bf88a732443f247955',
  '0x0052f0560659d7aecce1a09da41718b52daf1c84',
  '0x119e585eaf8dca5cc0e2c572bca27ab7b0ba9363',
  '0x1a57e6ca22ad76ebf6267da31347c280d141fdcc',
  '0x4a841703d9d30355caf7f8ad5c986ca96cb49616',
  '0xc55069792ee5977d33d42dae6c2939f8247c959c',
  '0x90c290a07a52be5b6340dc971ca6c954d630bdcd',
  '0xfd8ed231f57ada3d253bcacc7ba5da8b739b6f34',
  '0x3be494033e28c508115d245d94d273df1528a2ad',
  '0xc630d7a39877143ba4973b8dd1736837ffeba774',
  '0x77777020820b2d68144a1c37447e5bf6b1902dee',
  '0xffbca20c7cd502e10c0ac80c4e2b4542938bffa6',
  '0x015b94ab2b0a14a96030573fbcd0f3d3d763541f',
  '0x44eb3b72c52265e0f28731cbf7cd190b54a983b5',
  '0x3bd480a2b544bb36b8efc06e0c7c9546b78a1800',
  '0xd5a178986bf7d16733fcfaf5e753aa8454556c70',
  '0x0e7bc8009f87231661591c05e07afbc2df89116b',
  '0xba959ed4f4acb3b495c132378fa09190ef80b2d8',
  '0xeac5e2b6f1d7ebf4a715a235e097b59aca40b786',
  '0x9410fdde86caddc38e2d364a84e2b66865f15213',
  '0x204bfb4889f6370f4627de4056db557527198e66',
  '0x451862c9031e57df0be61751a4888456adcd1787',
  '0xc32b7438b3df7844c9ee799930a2224fe6e26426',
  '0x7776421dd146dfd6ea947cbf29b69c519807d259',
  '0x8d138b59609a005c328c5814737853a242325152',
  '0xdd877835867badb8735d28679b0071d50a688909',
  '0x840bc3b9178da7cec9a11a0e93b3babeb31535c2',
  '0x90c290a07a52be5b6340dc971ca6c954d630bdcd',
  '0x9ce7c6d8a50319a6ce62084dcf55f00044582c29',
  '0x25e925b286543467cd5a11e054b26449d2c86b09',
  '0xf7b1f66d8c394b1f61e5d7a5a630c71eba67a7fa',
  '0x28480d2c8a9aec47dc2f947b007cd2423b21f872',
  '0x2808edd543813fcf418de85bb42eedf3b39ba72c',
  '0x28480d2c8a9aec47dc2f947b007cd2423b21f872',
  '0x186b12ceaf08fde22e32647fcc800e45876f5bd0',
  '0x5652a6b8b3ea0380a7090bdd09ee180a9407aaf4',
  '0x30d4c0a32e013e84de5bfbf6c3994482c4014d9e',
  '0xb74e3f5d8dc0f90b9f832e45c07cbf12381f401f'
]
Allocations: [
  '224432000000000000000000',
  '148687000000000000000000',
  '94781000000000000000000',
  '58508000000000000000000',
  '37272000000000000000000',
  '29511000000000000000000',
  '26918000000000000000000',
  '23527000000000000000000',
  '21950000000000000000000',
  '17681000000000000000000',
  '16242000000000000000000',
  '15545000000000000000000',
  '15038000000000000000000',
  '11587000000000000000000',
  '7768000000000000000000',
  '7753000000000000000000',
  '3873000000000000000000',
  '3626000000000000000000',
  '3317000000000000000000',
  '3107000000000000000000',
  '3034000000000000000000',
  '2762000000000000000000',
  '2076000000000000000000',
  '1946000000000000000000',
  '1512000000000000000000',
  '1484000000000000000000',
  '1383000000000000000000',
  '1348000000000000000000',
  '1330000000000000000000',
  '1175000000000000000000',
  '883000000000000000000',
  '774000000000000000000',
  '763000000000000000000',
  '743000000000000000000',
  '719000000000000000000',
  '716000000000000000000',
  '690000000000000000000',
  '679000000000000000000',
  '645000000000000000000',
  '559000000000000000000',
  '554000000000000000000',
  '446000000000000000000',
  '418000000000000000000',
  '409000000000000000000',
  '397000000000000000000',
  '367000000000000000000',
  '367000000000000000000',
  '347000000000000000000',
  '344000000000000000000'
]
Vesting deployed to: 0x25488a987CFBe173DAa980B43b6696DC5f8428d4
Total Allocation:  799993000000000000000000

Deploying Vesting:
Recipients CSV path: ./scripts/prod/deploy/vesting/public/compensation_second.csv
Start timestamp: 1716984000
Duration seconds: 31536000
ZUN token address: 0x6b5204b0be36771253cc38e88012e02b752f0f36
Admin address: 0xe9b2B067eE106A6E518fB0552F3296d22b82b32B
Recipients: [
  '0x7B7D80C40415F744864f051B806b466e2fbB8E68',
  '0x8174B025F8ab32708A85D036ce9E74a5B21727f7',
  '0x4E06Ea07Ac8649C35B856301f26cc65Db3465684',
  '0x9B3B4421ed744777208dF210908cEe33d28F76ef',
  '0x3cd3Dba355776aC76a0485e728eAd54092085da2',
  '0xA057aaE353f1D534cc56D89CfcB2e7b6c5eD5eE7',
  '0xc288540F761179dFcF5e64514282463515839Df4',
  '0xdafcA7a5E3B67b8f36C1FdD7691eD85bbB54Cc18',
  '0x19157D43d5F8D6B6C5082be53F05fB35F390a3Dd',
  '0x96be3d4B507b11831Bb5d3B8aD5e612262AcCaB6',
  '0x3E7bFa35D6d76076482ED6b627FE862098a7da15',
  '0x8D28C9768F33BD18cc28Add45aDe41a7BAb9c41E',
  '0x860A40904BDfdc6dfF82b382872AE7Aea3175529',
  '0x6D0c2208d34f2eca9499134dee5A2123E5eb272F',
  '0x7CD79C3B51535Cb6EbEfdba9De56a8585f2D5567',
  '0x9f5e6aF744a137C9feFeeDfb6b706B0640a57673',
  '0x2fe55ecd0813821a209A944888206cc4DAfcbE17',
  '0x2d34816C3c83554CE97144c623C381b303Aba732',
  '0x4F243B4b795502AA5Cf562cB42EccD444c0321b0',
  '0xdfEBca7D59543C0FdE4D946F32de6C8130055091',
  '0x989225f2F9bA272aDbce6d579232C4113ee998D8',
  '0x1B2dAb8062e1d7ea6D6BfF01aE297feDE19E3125',
  '0x9dd7d26c9F58fC873a5CE8E4B08393279c8eFAA0',
  '0x9CE6E6B60C894d1DF9BC3D9D6cC969b79FB176B7',
  '0x0b304924fAa64b0f040dcA67bC5175Dd6078db52',
  '0xF62405e188Bb9629eD623d60B7c70dCc4e2ABd81',
  '0x924402163f01cCA1b161A3188d3f32601843Ae4A',
  '0x3523481702186C04740e50396D0e1C807cE36C57',
  '0x927AA658B4B858f68d89a16adef401e20b9E8290',
  '0x7Bc4d71Ae5746465e13e4FC07c4b9475A6a5E050',
  '0x73ff8D1222E626927c20fDa6B72804FE24b77e30',
  '0xa6dC407C39bd07F6D6C3780C2F5a53e690387F4a',
  '0x6a59800Ef45cfB6eA49c78d0C269424fD747102C',
  '0x9f27a1a997076724a713C5a74213904CcC2FB7b4',
  '0x9fB2ce6Ab1fa0a93D90D221114F3e9feA242e5Cd',
  '0xcDFA6cE596caa0c6714B48BF88A732443f247955',
  '0x0052f0560659D7aeCCe1A09DA41718B52DAf1c84',
  '0x119E585eaf8DCA5Cc0E2c572bCa27aB7b0ba9363',
  '0xDA8E1c09BE0014552C6B0b0D170A9f8573A27002',
  '0x37c2b07BB1F603444b3605e727e6C188c07F7488',
  '0x32F40Bd450ed8C3b19391b51097fa49fb45812F2',
  '0x4a841703D9D30355CAf7F8ad5C986cA96cb49616',
  '0xb51074Da03c55E79e3526cF6bBf31873443EfC63',
  '0x42DAEB9CA091e3933c8eE93c029701b926b1f336',
  '0xb056B9A45f09b006eC7a69770A65339586231a34',
  '0xC55069792EE5977D33D42DAE6C2939f8247C959c',
  '0x7bD5ade0975ec1d46D6472bA9dCC2321c4C41311',
  '0xc630D7A39877143ba4973B8Dd1736837FFeba774',
  '0x77777020820B2D68144A1C37447E5BF6B1902deE',
  '0x69b69c0c64FA9ada48E32f574922566436312aB1',
  '0xba959Ed4f4aCb3B495c132378Fa09190ef80b2d8',
  '0x44EB3b72C52265e0f28731cbf7CD190b54a983b5',
  '0x3bD480a2B544BB36B8eFC06E0c7C9546B78a1800',
  '0x015B94AB2B0A14A96030573FBcD0F3D3d763541F',
  '0xb734Ec7A75d65406fde5bcf9156cAB673ba1e1C5',
  '0xBB3bAe51EAa44Cf060Cd60e1A5149ad222eeB8a4',
  '0x6977e753e022F65eBEb170d8267b2EA54a431523',
  '0x204bFb4889F6370f4627De4056dB557527198e66',
  '0x451862c9031E57dF0bE61751A4888456AdcD1787',
  '0xdD877835867baDB8735D28679b0071d50A688909',
  '0x9ce7C6d8A50319A6ce62084dCF55F00044582c29',
  '0x25e925b286543467Cd5a11E054B26449D2c86B09',
  '0xA6b977BC9E8b1823157143ccc7d5C8593283423A',
  '0xeAAD3eF8c606e4e82D65D3001286Ca24566dB8A6',
  '0xe9b2B067eE106A6E518fB0552F3296d22b82b32B',
  '0x28480d2C8A9AeC47dC2f947b007cD2423B21f872',
  '0x186b12Ceaf08FDE22E32647fcc800e45876F5Bd0',
  '0x5652A6b8B3eA0380a7090bDd09eE180A9407aAf4',
  '0xe5c987F93734cb44AB03F1B18e30A374254891b6'
]
Allocations: [
  '329122000000000000000000',
  '229274000000000000000000',
  '72006000000000000000000',
  '63353000000000000000000',
  '61966000000000000000000',
  '54200000000000000000000',
  '53718000000000000000000',
  '51488000000000000000000',
  '41174000000000000000000',
  '41146000000000000000000',
  '41114000000000000000000',
  '34905000000000000000000',
  '34466000000000000000000',
  '30517000000000000000000',
  '30172000000000000000000',
  '29846000000000000000000',
  '22607000000000000000000',
  '22281000000000000000000',
  '22276000000000000000000',
  '22230000000000000000000',
  '20946000000000000000000',
  '20598000000000000000000',
  '20545000000000000000000',
  '19005000000000000000000',
  '15598000000000000000000',
  '14434000000000000000000',
  '10724000000000000000000',
  '10284000000000000000000',
  '9721000000000000000000',
  '9033000000000000000000',
  '8354000000000000000000',
  '7627000000000000000000',
  '6524000000000000000000',
  '5727000000000000000000',
  '3936000000000000000000',
  '3747000000000000000000',
  '3645000000000000000000',
  '2732000000000000000000',
  '2166000000000000000000',
  '2058000000000000000000',
  '2057000000000000000000',
  '1879000000000000000000',
  '1579000000000000000000',
  '1042000000000000000000',
  '1028000000000000000000',
  '939000000000000000000',
  '823000000000000000000',
  '735000000000000000000',
  '669000000000000000000',
  '430000000000000000000',
  '426000000000000000000',
  '366000000000000000000',
  '360000000000000000000',
  '327000000000000000000',
  '209000000000000000000',
  '206000000000000000000',
  '192000000000000000000',
  '188000000000000000000',
  '181000000000000000000',
  '167000000000000000000',
  '135000000000000000000',
  '134000000000000000000',
  '103000000000000000000',
  '103000000000000000000',
  '102000000000000000000',
  '96000000000000000000',
  '89000000000000000000',
  '89000000000000000000',
  '76000000000000000000'
]
Vesting deployed to: 0x7bc2c885916a074955E9550F8b25995811a88853
Total Allocation:  1499995000000000000000000

Start deploy
Admin: 0xe9b2B067eE106A6E518fB0552F3296d22b82b32B
Deploying Vesting:
Recipients CSV path: ./scripts/prod/deploy/vesting/public/compensation_second_zeth.csv
Start timestamp: 1716984000
Duration seconds: 31536000
ZUN token address: 0x6b5204b0be36771253cc38e88012e02b752f0f36
Admin address: 0xe9b2B067eE106A6E518fB0552F3296d22b82b32B
Recipients: [
  '0xF9605D8c4c987d7Cb32D0d11FbCb8EeeB1B22D5d',
  '0xE3a8793b70AD99473077941d0BC84d18370f9842',
  '0x55A183e160F8903766E2Dd53F3580C7049b1b2Dc',
  '0x9CE6E6B60C894d1DF9BC3D9D6cC969b79FB176B7',
  '0x9c0D1F4a029c46265831D120DeE9CDc72F0aB3C3',
  '0x22B5629CE137D9B714fD22fbAF19CCbF5f04e58E',
  '0xb957DccaA1CCFB1eB78B495B499801D591d8a403',
  '0xd2c46b4c28f4B7976d9f87687863c46Bb2f71Dbb',
  '0xd2BC4e7ECfA4Ec39069623854cD114Dcd8771B84',
  '0x519F7709577C94999e4C7cFaCb539CacB9EDb7b8',
  '0x09e2947267408e7e9f64a2C997aD2a17911733D9'
]
Allocations: [
  '11740000000000000000000',
  '2321000000000000000000',
  '2060000000000000000000',
  '35124000000000000000000',
  '14754000000000000000000',
  '8101000000000000000000',
  '1925000000000000000000',
  '7771000000000000000000',
  '5793000000000000000000',
  '6942000000000000000000',
  '5544000000000000000000'
]
Vesting deployed to: 0x51f4594024327fD2E3d4E7BDdD7174237f038F7C
Total Allocation:  102075000000000000000000
